<?xml version="1.0" encoding="UTF-8"?>
<Site BuildName="(empty)"
	BuildStamp="20241217-0417-Experimental"
	Name="buildkitsandbox"
	Generator="ctest-3.28.4"
	CompilerName="/usr/bin/c++"
	CompilerVersion="9.4.0"
	OSName="Linux"
	Hostname="b716c816ed8b"
	OSRelease="6.8.0-50-generic"
	OSVersion="#51-Ubuntu SMP PREEMPT_DYNAMIC Sat Nov  9 17:58:29 UTC 2024"
	OSPlatform="x86_64"
	Is64Bits="1"
	VendorString="GenuineIntel"
	VendorID="Intel Corporation"
	FamilyID="6"
	ModelID="170"
	ProcessorCacheSize="24576"
	NumberOfLogicalCPU="22"
	NumberOfPhysicalCPU="16"
	TotalVirtualMemory="8191"
	TotalPhysicalMemory="31597"
	LogicalProcessorsPerPhysical="1"
	ProcessorClockFrequency="2299.89"
	>
	<Testing>
		<StartDateTime>Dec 17 05:46 UTC</StartDateTime>
		<StartTestTime>1734414375</StartTestTime>
		<TestList/>
		<EndDateTime>Dec 17 05:46 UTC</EndDateTime>
		<EndTestTime>1734414375</EndTestTime>
		<ElapsedMinutes>0</ElapsedMinutes>
	</Testing>
</Site>
